        -:    0:Source:atom_supplier.c
        -:    0:Graph:atom_supplier.gcno
        -:    0:Data:atom_supplier.gcda
        -:    0:Runs:10
        -:    1:#include <stdio.h>
        -:    2:#include <stdlib.h>
        -:    3:#include <string.h>
        -:    4:#include <unistd.h>
        -:    5:#include <getopt.h>
        -:    6:#include <arpa/inet.h>
        -:    7:#include <sys/socket.h>
        -:    8:#include <netdb.h>
        -:    9:
        -:   10:#define BUFFER_SIZE 1024
        -:   11:
       10:   12:int main(int argc, char *argv[])
        -:   13:{
       10:   14:    char *host = NULL;
       10:   15:    char *port_str = NULL;
        -:   16:
        -:   17:    int opt;
       25:   18:    while ((opt = getopt(argc, argv, "h:p:")) != -1)
        -:   19:    {
       15:   20:        switch (opt)
        -:   21:        {
        8:   22:        case 'h':
        8:   23:            host = optarg;
        8:   24:            break;
        7:   25:        case 'p':
        7:   26:            port_str = optarg;
        7:   27:            break;
    #####:   28:        default:
    #####:   29:            fprintf(stderr, "Usage: %s -h <host> -p <port>\n", argv[0]);
    #####:   30:            return 1;
        -:   31:        }
        -:   32:    }
        -:   33:
       10:   34:    if (!host || !port_str)
        -:   35:    {
        3:   36:        fprintf(stderr, "Error: -h <host> and -p <port> are required.\n");
        3:   37:        return 1;
        -:   38:    }
        -:   39:
        -:   40:    struct addrinfo hints, *res;
        7:   41:    memset(&hints, 0, sizeof(hints));
        7:   42:    hints.ai_family = AF_INET;
        7:   43:    hints.ai_socktype = SOCK_STREAM;
        -:   44:
        7:   45:    int status = getaddrinfo(host, port_str, &hints, &res);
        7:   46:    if (status != 0)
        -:   47:    {
    #####:   48:        fprintf(stderr, "getaddrinfo error: %s\n", gai_strerror(status));
    #####:   49:        return 1;
        -:   50:    }
        -:   51:
        7:   52:    int sock = socket(res->ai_family, res->ai_socktype, res->ai_protocol);
        7:   53:    if (sock < 0)
        -:   54:    {
    #####:   55:        perror("socket failed");
    #####:   56:        freeaddrinfo(res);
    #####:   57:        return 1;
        -:   58:    }
        -:   59:
        7:   60:    if (connect(sock, res->ai_addr, res->ai_addrlen) < 0)
        -:   61:    {
        1:   62:        perror("Connection failed");
        1:   63:        freeaddrinfo(res);
        1:   64:        close(sock);
        1:   65:        return 1;
        -:   66:    }
        -:   67:
        6:   68:    printf("Connected to server at %s:%s\n", host, port_str);
        6:   69:    freeaddrinfo(res);
        -:   70:
        -:   71:    char buffer[BUFFER_SIZE];
        -:   72:
        -:   73:    while (1)
        9:   74:    {
       15:   75:        printf("Enter command ADD CARBON , OXYGEN , HYDROGEN: ");
       15:   76:        fflush(stdout);
        -:   77:
       15:   78:        if (fgets(buffer, sizeof(buffer), stdin) == NULL)
        -:   79:        {
        3:   80:            printf("Error reading input\n");
        3:   81:            break;
        -:   82:        }
        -:   83:
       12:   84:        buffer[strcspn(buffer, "\r\n")] = 0;
        -:   85:
       12:   86:        if (strcmp(buffer, "EXIT") == 0)
        -:   87:        {
        1:   88:            send(sock, buffer, strlen(buffer), 0);
        1:   89:            printf("send EXIT to server - client requests to disconnect\n");
        1:   90:            break;
        -:   91:        }
        -:   92:
       11:   93:        if (strcmp(buffer, "SHUTDOWN") == 0)
        -:   94:        {
        2:   95:            send(sock, buffer, strlen(buffer), 0);
        2:   96:            printf("Sent SHUTDOWN. Closing client.\n");
        2:   97:            break;
        -:   98:        }
        -:   99:
        9:  100:        ssize_t bytes_sent = send(sock, buffer, strlen(buffer), 0);
        9:  101:        if (bytes_sent < 0)
        -:  102:        {
    #####:  103:            perror("Send failed");
    #####:  104:            break;
        -:  105:        }
        -:  106:
        9:  107:        char recv_buffer[BUFFER_SIZE] = {0};
        9:  108:        ssize_t bytes_received = recv(sock, recv_buffer, sizeof(recv_buffer), 0);
        9:  109:        if (bytes_received <= 0)
        -:  110:        {
    #####:  111:            printf("No response from server or connection error.\n");
    #####:  112:            break;
        -:  113:        }
        -:  114:
        9:  115:        if (bytes_received == sizeof(unsigned int))
        -:  116:        {
        6:  117:            unsigned int count = 0;
        6:  118:            memcpy(&count, recv_buffer, sizeof(unsigned int));
        -:  119:
        -:  120:            char dummy_action[16], atom_type[32];
        -:  121:            long long dummy_amount;
        6:  122:            if (sscanf(buffer, "%15s %31s %lld", dummy_action, atom_type, &dummy_amount) == 3)
        6:  123:                printf("Server returned count: %s = %u\n", atom_type, count);
        -:  124:            else
    #####:  125:                printf("Server returned count = %u\n", count);
        -:  126:        }
        -:  127:        else
        -:  128:        {
        3:  129:            recv_buffer[bytes_received] = '\0';
        3:  130:            printf("Server response: %s\n", recv_buffer);
        -:  131:        }
        -:  132:    }
        -:  133:
        6:  134:    close(sock);
        6:  135:    return 0;
        -:  136:}
