        -:    0:Source:drinks_bar.c
        -:    0:Graph:drinks_bar.gcno
        -:    0:Data:drinks_bar.gcda
        -:    0:Runs:7
        -:    1:#include <stdio.h>
        -:    2:#include <stdlib.h>
        -:    3:#include <string.h>
        -:    4:#include <unistd.h>
        -:    5:#include <getopt.h>
        -:    6:#include <arpa/inet.h>
        -:    7:#include <sys/socket.h>
        -:    8:#include <sys/select.h>
        -:    9:#include <signal.h>
        -:   10:#include <errno.h>
        -:   11:#include <time.h>
        -:   12:
        -:   13:#define MAX_CLIENTS FD_SETSIZE
        -:   14:#define BUFFER_SIZE 1024
        -:   15:
        -:   16:volatile sig_atomic_t shutdown_requested = 0;
        -:   17:
        -:   18:typedef struct timeval timeval;
        -:   19:
        2:   20:void handle_shutdown(int sig)
        -:   21:{
        2:   22:    shutdown_requested = 1;
        2:   23:}
        -:   24:
       12:   25:unsigned long long min(unsigned long long a, unsigned long long b)
        -:   26:{
       12:   27:    return (a < b) ? a : b;
        -:   28:}
        -:   29:
        6:   30:unsigned long long min3(unsigned long long a, unsigned long long b, unsigned long long c)
        -:   31:{
        6:   32:    return min(min(a, b), c);
        -:   33:}
        -:   34:
        7:   35:int main(int argc, char *argv[])
        -:   36:{
        7:   37:    signal(SIGPIPE, SIG_IGN);
        7:   38:    signal(SIGINT, handle_shutdown);
        -:   39:
        7:   40:    unsigned long long carbon = 0;
        7:   41:    unsigned long long oxygen = 0;
        7:   42:    unsigned long long hydrogen = 0;
        7:   43:    int timeout = -1;
        7:   44:    int tcp_port = -1;
        7:   45:    int udp_port = -1;
        -:   46:
        -:   47:    static struct option long_options[] = {
        -:   48:        {"oxygen", required_argument, 0, 'o'},
        -:   49:        {"carbon", required_argument, 0, 'c'},
        -:   50:        {"hydrogen", required_argument, 0, 'h'},
        -:   51:        {"timeout", required_argument, 0, 't'},
        -:   52:        {"tcp-port", required_argument, 0, 'T'},
        -:   53:        {"udp-port", required_argument, 0, 'U'},
        -:   54:        {0, 0, 0, 0}};
        -:   55:
        -:   56:    int opt;
       24:   57:    while ((opt = getopt_long(argc, argv, "o:c:h:t:T:U:", long_options, NULL)) != -1)
        -:   58:    {
       18:   59:        switch (opt)
        -:   60:        {
        1:   61:        case 'o':
        1:   62:            oxygen = strtoull(optarg, NULL, 10);
        1:   63:            break;
        1:   64:        case 'c':
        1:   65:            carbon = strtoull(optarg, NULL, 10);
        1:   66:            break;
        1:   67:        case 'h':
        1:   68:            hydrogen = strtoull(optarg, NULL, 10);
        1:   69:            break;
        2:   70:        case 't':
        2:   71:            timeout = atoi(optarg);
        2:   72:            break;
        6:   73:        case 'T':
        6:   74:            tcp_port = atoi(optarg);
        6:   75:            break;
        6:   76:        case 'U':
        6:   77:            udp_port = atoi(optarg);
        6:   78:            break;
        1:   79:        default:
        1:   80:            fprintf(stderr, "Usage: %s -T <tcp_port> -U <udp_port> [--oxygen N | -o N] [--carbon N | -c N] [--hydrogen N | -h N] [--timeout N | -t N]\n", argv[0]);
        1:   81:            exit(EXIT_FAILURE);
        -:   82:        }
        -:   83:    }
        -:   84:
        6:   85:    if (tcp_port < 0 || udp_port < 0)
        -:   86:    {
        1:   87:        fprintf(stderr, "Error: --tcp-port (-T) and --udp-port (-U) are required.\n");
        1:   88:        exit(EXIT_FAILURE);
        -:   89:    }
        -:   90:
        5:   91:    printf("Starting with H=%llu, O=%llu, C=%llu, timeout=%d\n", hydrogen, oxygen, carbon, timeout);
        -:   92:
        5:   93:    int server_fd = socket(AF_INET, SOCK_STREAM, 0);
        5:   94:    if (server_fd < 0)
        -:   95:    {
    #####:   96:        perror("TCP socket failed");
    #####:   97:        exit(EXIT_FAILURE);
        -:   98:    }
        -:   99:
        -:  100:    struct sockaddr_in address;
        5:  101:    memset(&address, 0, sizeof(address));
        5:  102:    address.sin_family = AF_INET;
        5:  103:    address.sin_addr.s_addr = INADDR_ANY;
        5:  104:    address.sin_port = htons(tcp_port);
        -:  105:
        5:  106:    if (bind(server_fd, (struct sockaddr *)&address, sizeof(address)) < 0)
        -:  107:    {
    #####:  108:        perror("TCP bind failed");
    #####:  109:        close(server_fd);
    #####:  110:        exit(EXIT_FAILURE);
        -:  111:    }
        -:  112:
        5:  113:    if (listen(server_fd, 5) < 0)
        -:  114:    {
    #####:  115:        perror("TCP listen failed");
    #####:  116:        close(server_fd);
    #####:  117:        exit(EXIT_FAILURE);
        -:  118:    }
        -:  119:
        5:  120:    int udp_fd = socket(AF_INET, SOCK_DGRAM, 0);
        5:  121:    if (udp_fd < 0)
        -:  122:    {
    #####:  123:        perror("UDP socket failed");
    #####:  124:        close(server_fd);
    #####:  125:        exit(EXIT_FAILURE);
        -:  126:    }
        -:  127:
        -:  128:    struct sockaddr_in udp_addr;
        5:  129:    memset(&udp_addr, 0, sizeof(udp_addr));
        5:  130:    udp_addr.sin_family = AF_INET;
        5:  131:    udp_addr.sin_addr.s_addr = INADDR_ANY;
        5:  132:    udp_addr.sin_port = htons(udp_port);
        -:  133:
        5:  134:    if (bind(udp_fd, (struct sockaddr *)&udp_addr, sizeof(udp_addr)) < 0)
        -:  135:    {
    #####:  136:        perror("UDP bind failed");
    #####:  137:        close(server_fd);
    #####:  138:        close(udp_fd);
    #####:  139:        exit(EXIT_FAILURE);
        -:  140:    }
        -:  141:
        5:  142:    printf("Server is listening on TCP %d and UDP %d\n", tcp_port, udp_port);
        -:  143:
        5:  144:    int clients[MAX_CLIENTS] = {0};
        5:  145:    time_t last_activity = time(NULL);
        -:  146:
   500720:  147:    while (!shutdown_requested)
        -:  148:    {
        -:  149:        fd_set readfds;
  8512172:  150:        FD_ZERO(&readfds);
   500716:  151:        FD_SET(server_fd, &readfds);
   500716:  152:        FD_SET(udp_fd, &readfds);
   500716:  153:        FD_SET(STDIN_FILENO, &readfds);
   500716:  154:        int max_fd = server_fd > udp_fd ? server_fd : udp_fd;
   500716:  155:        if (STDIN_FILENO > max_fd)
    #####:  156:            max_fd = STDIN_FILENO;
        -:  157:
513233900:  158:        for (int i = 0; i < MAX_CLIENTS; ++i)
        -:  159:        {
512733184:  160:            if (clients[i] > 0)
        -:  161:            {
      201:  162:                FD_SET(clients[i], &readfds);
      201:  163:                if (clients[i] > max_fd)
      201:  164:                    max_fd = clients[i];
        -:  165:            }
        -:  166:        }
        -:  167:
        -:  168:        timeval tv;
   500716:  169:        timeval *tv_ptr = NULL;
   500716:  170:        if (timeout > 0)
        -:  171:        {
   171182:  172:            int elapsed = time(NULL) - last_activity;
   171182:  173:            if (elapsed >= timeout)
        -:  174:            {
        1:  175:                printf("Timeout of %d seconds reached. Server shutting down.\n", timeout);
        1:  176:                break;
        -:  177:            }
   171181:  178:            tv.tv_sec = timeout - elapsed;
   171181:  179:            tv.tv_usec = 0;
   171181:  180:            tv_ptr = &tv;
        -:  181:        }
        -:  182:
   500715:  183:        int activity = select(max_fd + 1, &readfds, NULL, NULL, tv_ptr);
  500715*:  184:        if (activity < 0 && !shutdown_requested)
        -:  185:        {
    #####:  186:            perror("select error");
    #####:  187:            break;
        -:  188:        }
        -:  189:
   500715:  190:        if (activity > 0)
        -:  191:        {
   500715:  192:            last_activity = time(NULL);
        -:  193:        }
        -:  194:
   500715:  195:        if (FD_ISSET(server_fd, &readfds))
        -:  196:        {
        -:  197:            struct sockaddr_in client_addr;
        5:  198:            socklen_t client_len = sizeof(client_addr);
        5:  199:            int new_socket = accept(server_fd, (struct sockaddr *)&client_addr, &client_len);
       5*:  200:            if (new_socket < 0)
        -:  201:            {
    #####:  202:                perror("accept failed");
    #####:  203:                continue;
        -:  204:            }
        -:  205:
        5:  206:            printf("New client connected: %s\n", inet_ntoa(client_addr.sin_addr));
        -:  207:
       5*:  208:            for (int i = 0; i < MAX_CLIENTS; ++i)
        -:  209:            {
        5:  210:                if (clients[i] == 0)
        -:  211:                {
        5:  212:                    clients[i] = new_socket;
        5:  213:                    break;
        -:  214:                }
        -:  215:            }
        -:  216:        }
        -:  217:
   500715:  218:        if (FD_ISSET(udp_fd, &readfds))
        -:  219:        {
       18:  220:            char buffer[BUFFER_SIZE] = {0};
        -:  221:            struct sockaddr_in client_addr;
       18:  222:            socklen_t client_len = sizeof(client_addr);
       18:  223:            int bytes_received = recvfrom(udp_fd, buffer, sizeof(buffer) - 1, 0,
        -:  224:                                          (struct sockaddr *)&client_addr, &client_len);
       18:  225:            if (bytes_received > 0)
        -:  226:            {
       18:  227:                buffer[bytes_received] = '\0';
       18:  228:                buffer[strcspn(buffer, "\r\n")] = 0;
        -:  229:
        -:  230:                char action[32], part1[32], part2[32];
       18:  231:                unsigned long long amount = 0;
       18:  232:                char item[64] = "";
        -:  233:
       18:  234:                int count = sscanf(buffer, "%31s %31s %31s %llu", action, part1, part2, &amount);
        -:  235:
       18:  236:                if (count == 3 && strcmp(action, "DELIVER") == 0)
        -:  237:                {
        6:  238:                    strcpy(item, part1);
        6:  239:                    amount = strtoull(part2, NULL, 10);
        -:  240:                }
       12:  241:                else if (count == 4 && strcmp(action, "DELIVER") == 0)
        -:  242:                {
        1:  243:                    snprintf(item, sizeof(item), "%s_%s", part1, part2);
        -:  244:                }
        -:  245:                else
       11:  246:                {
       11:  247:                    const char *response = "CANNOT_DELIVER";
       11:  248:                    sendto(udp_fd, response, strlen(response), 0,
        -:  249:                           (struct sockaddr *)&client_addr, client_len);
       13:  250:                    continue;
        -:  251:                }
        -:  252:
        7:  253:                if (amount == 0)
        1:  254:                {
        1:  255:                    const char *response = "CANNOT_DELIVER";
        1:  256:                    sendto(udp_fd, response, strlen(response), 0,
        -:  257:                           (struct sockaddr *)&client_addr, client_len);
        1:  258:                    continue;
        -:  259:                }
        -:  260:
        6:  261:                unsigned long long need_H = 0, need_O = 0, need_C = 0;
        -:  262:
        6:  263:                if (strcmp(item, "WATER") == 0)
        -:  264:                {
        1:  265:                    need_H = 2 * amount;
        1:  266:                    need_O = 1 * amount;
        -:  267:                }
        5:  268:                else if (strcmp(item, "CARBON_DIOXIDE") == 0)
        -:  269:                {
        1:  270:                    need_C = 1 * amount;
        1:  271:                    need_O = 2 * amount;
        -:  272:                }
        4:  273:                else if (strcmp(item, "GLUCOSE") == 0)
        -:  274:                {
        2:  275:                    need_C = 6 * amount;
        2:  276:                    need_H = 12 * amount;
        2:  277:                    need_O = 6 * amount;
        -:  278:                }
        2:  279:                else if (strcmp(item, "ALCOHOL") == 0)
        -:  280:                {
        1:  281:                    need_C = 2 * amount;
        1:  282:                    need_H = 6 * amount;
        1:  283:                    need_O = 1 * amount;
        -:  284:                }
        -:  285:                else
        1:  286:                {
        1:  287:                    const char *response = "CANNOT_DELIVER";
        1:  288:                    sendto(udp_fd, response, strlen(response), 0,
        -:  289:                           (struct sockaddr *)&client_addr, client_len);
        1:  290:                    continue;
        -:  291:                }
        -:  292:
        5:  293:                if (hydrogen >= need_H && oxygen >= need_O && carbon >= need_C)
        4:  294:                {
        4:  295:                    hydrogen -= need_H;
        4:  296:                    oxygen -= need_O;
        4:  297:                    carbon -= need_C;
        -:  298:
        4:  299:                    printf("UDP DELIVER: %s (%llu units)\n", item, amount);
        4:  300:                    printf("Atoms warehouse after delivery: H=%llu, O=%llu, C=%llu\n", hydrogen, oxygen, carbon);
        -:  301:
        4:  302:                    const char *response = "DELIVERED";
        4:  303:                    sendto(udp_fd, response, strlen(response), 0,
        -:  304:                           (struct sockaddr *)&client_addr, client_len);
        -:  305:                }
        -:  306:                else
        -:  307:                {
        1:  308:                    const char *response = "CANNOT_DELIVER";
        1:  309:                    sendto(udp_fd, response, strlen(response), 0,
        -:  310:                           (struct sockaddr *)&client_addr, client_len);
        -:  311:                }
        -:  312:            }
        -:  313:        }
        -:  314:
   500702:  315:        if (FD_ISSET(STDIN_FILENO, &readfds))
        -:  316:        {
        -:  317:            char input[BUFFER_SIZE];
   500702:  318:            if (fgets(input, sizeof(input), stdin))
        -:  319:            {
       10:  320:                input[strcspn(input, "\r\n")] = 0;
        -:  321:                char command[32], drink[32];
       10:  322:                if (sscanf(input, "%31s %31s", command, drink) == 2 && strcmp(command, "GEN") == 0)
        8:  323:                {
        8:  324:                    int can_make = 0;
        8:  325:                    if (strcmp(drink, "SOFT") == 0 || strcmp(drink, "SOFTDRINK") == 0 || strcmp(drink, "SOFT_DRINK") == 0)
        -:  326:                    {
        2:  327:                        can_make = min3(hydrogen / 14, oxygen / 9, carbon / 7);
        2:  328:                        printf("Can make %d SOFT DRINK(s)\n", can_make);
        -:  329:                    }
        6:  330:                    else if (strcmp(drink, "VODKA") == 0)
        -:  331:                    {
        2:  332:                        can_make = min3(hydrogen / 20, oxygen / 8, carbon / 8);
        2:  333:                        printf("Can make %d VODKA(s)\n", can_make);
        -:  334:                    }
        4:  335:                    else if (strcmp(drink, "CHAMPAGNE") == 0)
        -:  336:                    {
        2:  337:                        can_make = min3(hydrogen / 8, oxygen / 4, carbon / 3);
        2:  338:                        printf("Can make %d CHAMPAGNE(s)\n", can_make);
        -:  339:                    }
        -:  340:                    else
        -:  341:                    {
        2:  342:                        printf(" Unknown drink type.\n");
        -:  343:                    }
        -:  344:                }
        -:  345:                else
        -:  346:                {
        2:  347:                    printf(" Invalid GEN command.\n");
        -:  348:                }
        -:  349:            }
        -:  350:        }
        -:  351:
513217502:  352:        for (int i = 0; i < MAX_CLIENTS; ++i)
        -:  353:        {
512716802:  354:            int client_fd = clients[i];
512716802:  355:            if (client_fd > 0 && FD_ISSET(client_fd, &readfds))
        -:  356:            {
       11:  357:                char buffer[BUFFER_SIZE] = {0};
       11:  358:                int bytes_received = recv(client_fd, buffer, sizeof(buffer) - 1, 0);
        -:  359:
       11:  360:                if (bytes_received <= 0)
        -:  361:                {
        2:  362:                    printf(" Client disconnected.\n");
        2:  363:                    close(client_fd);
        2:  364:                    clients[i] = 0;
        6:  365:                    continue;
        -:  366:                }
        -:  367:
        9:  368:                buffer[strcspn(buffer, "\r\n")] = 0;
        -:  369:
        9:  370:                if (strcmp(buffer, "EXIT") == 0)
        -:  371:                {
        1:  372:                    printf(" Client requested EXIT.\n");
        1:  373:                    close(client_fd);
        1:  374:                    clients[i] = 0;
        1:  375:                    continue;
        -:  376:                }
        -:  377:
        8:  378:                if (strcmp(buffer, "SHUTDOWN") == 0)
        -:  379:                {
        2:  380:                    printf(" Shutdown command received from client.\n");
        2:  381:                    shutdown_requested = 1;
        2:  382:                    close(client_fd);
        2:  383:                    clients[i] = 0;
        2:  384:                    break;
        -:  385:                }
        -:  386:
        -:  387:                char action[16], atom_type[32];
        6:  388:                long long amount = -1;
        -:  389:
        6:  390:                if (sscanf(buffer, "%15s %31s %lld", action, atom_type, &amount) != 3)
        1:  391:                {
        1:  392:                    const char *error_msg = "ERROR: Invalid command format. Use: ADD <ATOM_TYPE> <POSITIVE_AMOUNT>\n";
        1:  393:                    send(client_fd, error_msg, strlen(error_msg), 0);
        1:  394:                    continue;
        -:  395:                }
        -:  396:
        5:  397:                if (strcmp(action, "ADD") != 0)
    #####:  398:                {
    #####:  399:                    const char *error_msg = "ERROR: Unknown command. Only 'ADD' is supported.\n";
    #####:  400:                    send(client_fd, error_msg, strlen(error_msg), 0);
    #####:  401:                    continue;
        -:  402:                }
        -:  403:
        5:  404:                if (amount <= 0)
        1:  405:                {
        1:  406:                    const char *error_msg = "ERROR: Amount must be a positive number greater than zero.\n";
        1:  407:                    send(client_fd, error_msg, strlen(error_msg), 0);
        1:  408:                    continue;
        -:  409:                }
        -:  410:
        4:  411:                unsigned long long *target = NULL;
        4:  412:                if (strcmp(atom_type, "HYDROGEN") == 0)
        -:  413:                {
        1:  414:                    target = &hydrogen;
        -:  415:                }
        3:  416:                else if (strcmp(atom_type, "OXYGEN") == 0)
        -:  417:                {
        1:  418:                    target = &oxygen;
        -:  419:                }
        2:  420:                else if (strcmp(atom_type, "CARBON") == 0)
        -:  421:                {
        1:  422:                    target = &carbon;
        -:  423:                }
        -:  424:                else
        1:  425:                {
        1:  426:                    const char *error_msg = "ERROR: Unknown atom type. Must be HYDROGEN, OXYGEN or CARBON.\n";
        1:  427:                    send(client_fd, error_msg, strlen(error_msg), 0);
        1:  428:                    continue;
        -:  429:                }
        -:  430:
        -:  431:                // אם הגענו לפה, הכל תקין
        3:  432:                *target += amount;
        3:  433:                printf(" Atoms warehouse: H=%llu, O=%llu, C=%llu\n", hydrogen, oxygen, carbon);
        -:  434:
        3:  435:                unsigned int response = (unsigned int)(*target);
        3:  436:                send(client_fd, &response, sizeof(response), 0);
        -:  437:              }
        -:  438:            }
        -:  439:        }
        -:  440:
     5125:  441:        for (int i = 0; i < MAX_CLIENTS; ++i)
        -:  442:        {
     5120:  443:            if (clients[i] > 0)
    #####:  444:                close(clients[i]);
        -:  445:        }
        5:  446:        close(server_fd);
        5:  447:        close(udp_fd);
        -:  448:
        5:  449:        printf("Server shut down.....\n");
        5:  450:        return 0;
        -:  451:    }
