        -:    0:Source:molecule_requester.c
        -:    0:Graph:molecule_requester.gcno
        -:    0:Data:molecule_requester.gcda
        -:    0:Runs:10
        -:    1:#include <stdio.h>
        -:    2:#include <stdlib.h>
        -:    3:#include <string.h>
        -:    4:#include <unistd.h>
        -:    5:#include <arpa/inet.h>
        -:    6:
        -:    7:#define BUFFER_SIZE 1024
        -:    8:
       10:    9:int main(int argc, char *argv[]) {
       10:   10:    if (argc != 3) {
        1:   11:        fprintf(stderr, "Usage: %s <server_ip> <port>\n", argv[0]);
        1:   12:        exit(EXIT_FAILURE);
        -:   13:    }
        -:   14:
        9:   15:    const char *server_ip = argv[1];
        9:   16:    int port = atoi(argv[2]);
        -:   17:
        -:   18:    // יצירת socket UDP
        9:   19:    int sockfd = socket(AF_INET, SOCK_DGRAM, 0);
        9:   20:    if (sockfd < 0) {
    #####:   21:        perror("socket failed");
    #####:   22:        exit(EXIT_FAILURE);
        -:   23:    }
        -:   24:
        -:   25:    struct sockaddr_in server_addr;
        9:   26:    memset(&server_addr, 0, sizeof(server_addr));
        9:   27:    server_addr.sin_family = AF_INET;
        9:   28:    server_addr.sin_port = htons(port);
        9:   29:    if (inet_pton(AF_INET, server_ip, &server_addr.sin_addr) <= 0) {
    #####:   30:        perror("invalid address");
    #####:   31:        exit(EXIT_FAILURE);
        -:   32:    }
        -:   33:
        -:   34:    char input[BUFFER_SIZE];
        -:   35:    char response[BUFFER_SIZE];
        -:   36:
        9:   37:    printf("Enter DELIVER commands (e.g., DELIVER WATER 2), or type EXIT to quit:\n");
        -:   38:
       21:   39:    while (1) {
       30:   40:        printf("> ");
       30:   41:        if (!fgets(input, sizeof(input), stdin)) break;
        -:   42:
       22:   43:        input[strcspn(input, "\r\n")] = 0;  
        -:   44:
       22:   45:        if (strcmp(input, "EXIT") == 0) break;
        -:   46:
        -:   47:        
      21*:   48:        if (sendto(sockfd, input, strlen(input), 0,
        -:   49:                   (struct sockaddr *)&server_addr, sizeof(server_addr)) < 0) {
    #####:   50:            perror("sendto failed");
    #####:   51:            continue;
        -:   52:        }
        -:   53:
        -:   54:        
       21:   55:        socklen_t addrlen = sizeof(server_addr);
       21:   56:        int bytes_received = recvfrom(sockfd, response, sizeof(response) - 1, 0,
        -:   57:                                      (struct sockaddr *)&server_addr, &addrlen);
      21*:   58:        if (bytes_received < 0) {
    #####:   59:            perror("recvfrom failed");
    #####:   60:            continue;
        -:   61:        }
        -:   62:
       21:   63:        response[bytes_received] = '\0';
       21:   64:        printf("Server response: %s\n", response);
        -:   65:    }
        -:   66:
        9:   67:    close(sockfd);
        9:   68:    return 0;
        -:   69:}
