        -:    0:Source:molecule_requester.c
        -:    0:Graph:molecule_requester.gcno
        -:    0:Data:molecule_requester.gcda
        -:    0:Runs:11
        -:    1:#include <stdio.h>
        -:    2:#include <stdlib.h>
        -:    3:#include <string.h>
        -:    4:#include <unistd.h>
        -:    5:#include <getopt.h>
        -:    6:#include <arpa/inet.h>
        -:    7:#include <sys/socket.h>
        -:    8:#include <sys/un.h>
        -:    9:
        -:   10:#define BUFFER_SIZE 1024
        -:   11:
        -:   12:#include <stdio.h>
        -:   13:#include <stdlib.h>
        -:   14:#include <string.h>
        -:   15:#include <unistd.h>
        -:   16:#include <getopt.h>
        -:   17:#include <arpa/inet.h>
        -:   18:#include <sys/socket.h>
        -:   19:#include <sys/un.h>
        -:   20:
        -:   21:#define BUFFER_SIZE 1024
        -:   22:
       11:   23:int main(int argc, char *argv[]) {
       11:   24:    char *server_ip = NULL;
       11:   25:    int port = -1;
       11:   26:    char *uds_socket_path = NULL;
       11:   27:    int use_uds = 0;
        -:   28:
        -:   29:    int opt;
       24:   30:    while ((opt = getopt(argc, argv, "h:p:f:")) != -1) {
       15:   31:        switch (opt) {
        4:   32:            case 'h':
        4:   33:                server_ip = optarg;
        4:   34:                break;
        4:   35:            case 'p':
        4:   36:                port = atoi(optarg);
        4:   37:                break;
        5:   38:            case 'f':
        5:   39:                uds_socket_path = optarg;
        5:   40:                use_uds = 1;
        5:   41:                break;
        2:   42:            default:
        2:   43:                fprintf(stderr, "Usage: %s [-h <server_ip> -p <port>] OR [-f <UDS_socket_path>]\n", argv[0]);
        2:   44:                exit(EXIT_FAILURE);
        -:   45:        }
        -:   46:    }
        -:   47:
        9:   48:    if (use_uds) {
        5:   49:        if (!uds_socket_path) {
    #####:   50:            fprintf(stderr, "Error: -f <UDS_socket_path> is required for UDS mode.\n");
    #####:   51:            exit(EXIT_FAILURE);
        -:   52:        }
        -:   53:    } else {
        4:   54:        if (!server_ip || port <= 0) {
    #####:   55:            fprintf(stderr, "Error: both -h <server_ip> and -p <port> are required for UDP mode.\n");
    #####:   56:            exit(EXIT_FAILURE);
        -:   57:        }
        -:   58:    }
        -:   59:
        -:   60:    int sockfd;
        -:   61:    char input[BUFFER_SIZE];
        -:   62:    char response[BUFFER_SIZE];
        -:   63:
        9:   64:    if (use_uds) {
        5:   65:        sockfd = socket(AF_UNIX, SOCK_DGRAM, 0);
        5:   66:        if (sockfd < 0) {
    #####:   67:            perror("UDS socket failed");
    #####:   68:            exit(EXIT_FAILURE);
        -:   69:        }
        -:   70:
        -:   71:        // קביעת כתובת זמנית ללקוח
        -:   72:        struct sockaddr_un client_addr;
        5:   73:        memset(&client_addr, 0, sizeof(client_addr));
        5:   74:        client_addr.sun_family = AF_UNIX;
        5:   75:        snprintf(client_addr.sun_path, sizeof(client_addr.sun_path), "/tmp/client_%d", getpid());
        5:   76:        unlink(client_addr.sun_path); // מניעת התנגשויות
        -:   77:
        5:   78:        if (bind(sockfd, (struct sockaddr *)&client_addr, sizeof(client_addr)) < 0) {
    #####:   79:            perror("bind failed");
    #####:   80:            exit(EXIT_FAILURE);
        -:   81:        }
        -:   82:
        -:   83:        // הגדרת כתובת השרת
        -:   84:        struct sockaddr_un server_addr;
        5:   85:        memset(&server_addr, 0, sizeof(server_addr));
        5:   86:        server_addr.sun_family = AF_UNIX;
        5:   87:        strncpy(server_addr.sun_path, uds_socket_path, sizeof(server_addr.sun_path) - 1);
        -:   88:
        5:   89:        printf("Connected to UDS server at %s\n", uds_socket_path);
        5:   90:        printf("Enter DELIVER commands (e.g., DELIVER WATER 2), or type EXIT to quit:\n");
        -:   91:
       23:   92:        while (1) {
       28:   93:            printf("> ");
       28:   94:            if (!fgets(input, sizeof(input), stdin)) break;
        -:   95:
       23:   96:            input[strcspn(input, "\r\n")] = 0;
        -:   97:
      23*:   98:            if (strcmp(input, "EXIT") == 0) break;
        -:   99:
      23*:  100:            if (sendto(sockfd, input, strlen(input), 0,
        -:  101:                       (struct sockaddr *)&server_addr, sizeof(server_addr)) < 0) {
    #####:  102:                perror("sendto failed");
    #####:  103:                continue;
        -:  104:            }
        -:  105:
       23:  106:            socklen_t addrlen = sizeof(server_addr);
       23:  107:            int bytes_received = recvfrom(sockfd, response, sizeof(response) - 1, 0,
        -:  108:                                          (struct sockaddr *)&server_addr, &addrlen);
      23*:  109:            if (bytes_received < 0) {
    #####:  110:                perror("recvfrom failed");
    #####:  111:                continue;
        -:  112:            }
        -:  113:
       23:  114:            response[bytes_received] = '\0';
       23:  115:            printf("Server response: %s\n", response);
        -:  116:        }
        -:  117:
        5:  118:        unlink(client_addr.sun_path); // ניקוי בסיום
        -:  119:
        -:  120:    } else {
        -:  121:        // מצב UDP רגיל (לא UDS)
        4:  122:        sockfd = socket(AF_INET, SOCK_DGRAM, 0);
        4:  123:        if (sockfd < 0) {
    #####:  124:            perror("socket failed");
    #####:  125:            exit(EXIT_FAILURE);
        -:  126:        }
        -:  127:
        -:  128:        struct sockaddr_in server_addr;
        4:  129:        memset(&server_addr, 0, sizeof(server_addr));
        4:  130:        server_addr.sin_family = AF_INET;
        4:  131:        server_addr.sin_port = htons(port);
        4:  132:        if (inet_pton(AF_INET, server_ip, &server_addr.sin_addr) <= 0) {
    #####:  133:            perror("invalid address");
    #####:  134:            exit(EXIT_FAILURE);
        -:  135:        }
        -:  136:
        4:  137:        printf("Connected to UDP server at %s:%d\n", server_ip, port);
        4:  138:        printf("Enter DELIVER commands (e.g., DELIVER WATER 2), or type EXIT to quit:\n");
        -:  139:
        9:  140:        while (1) {
       13:  141:            printf("> ");
       14:  142:            if (!fgets(input, sizeof(input), stdin)) break;
        -:  143:
       10:  144:            input[strcspn(input, "\r\n")] = 0;
        -:  145:
       10:  146:            if (strcmp(input, "EXIT") == 0) break;
        -:  147:
       9*:  148:            if (sendto(sockfd, input, strlen(input), 0,
        -:  149:                       (struct sockaddr *)&server_addr, sizeof(server_addr)) < 0) {
    #####:  150:                perror("sendto failed");
    #####:  151:                continue;
        -:  152:            }
        -:  153:
        9:  154:            socklen_t addrlen = sizeof(server_addr);
        9:  155:            int bytes_received = recvfrom(sockfd, response, sizeof(response) - 1, 0,
        -:  156:                                          (struct sockaddr *)&server_addr, &addrlen);
       9*:  157:            if (bytes_received < 0) {
    #####:  158:                perror("recvfrom failed");
    #####:  159:                continue;
        -:  160:            }
        -:  161:
        9:  162:            response[bytes_received] = '\0';
        9:  163:            printf("Server response: %s\n", response);
        -:  164:        }
        -:  165:    }
        -:  166:
        9:  167:    close(sockfd);
        9:  168:    return 0;
        -:  169:}
