        -:    0:Source:atom_supplier.c
        -:    0:Graph:atom_client-atom_supplier.gcno
        -:    0:Data:atom_client-atom_supplier.gcda
        -:    0:Runs:12
        -:    1:#include <stdio.h>
        -:    2:#include <stdlib.h>
        -:    3:#include <string.h>
        -:    4:#include <unistd.h>
        -:    5:#include <arpa/inet.h>
        -:    6:#include <sys/socket.h>
        -:    7:#include <netdb.h>
        -:    8:
        -:    9:#define BUFFER_SIZE 1024
        -:   10:
       12:   11:int main(int argc, char *argv[])
        -:   12:{
        -:   13:
       12:   14:    if (argc != 3)
        -:   15:    {
        1:   16:        fprintf(stderr, "Usage: %s <host> <port>\n", argv[0]);
        1:   17:        return 1;
        -:   18:    }
        -:   19:
       11:   20:    const char *server_ip = argv[1];
       11:   21:    const char *port_str = argv[2];
        -:   22:
        -:   23:    struct addrinfo hints, *res;
       11:   24:    memset(&hints, 0, sizeof(hints));
       11:   25:    hints.ai_family = AF_INET;       // IPv4
       11:   26:    hints.ai_socktype = SOCK_STREAM; // TCP
        -:   27:
       11:   28:    int status = getaddrinfo(server_ip, port_str, &hints, &res);
       11:   29:    if (status != 0)
        -:   30:    {
    #####:   31:        fprintf(stderr, "getaddrinfo error: %s\n", gai_strerror(status));
    #####:   32:        return 1;
        -:   33:    }
        -:   34:
       11:   35:    int sock = socket(res->ai_family, res->ai_socktype, res->ai_protocol);
       11:   36:    if (sock < 0)
        -:   37:    {
    #####:   38:        perror("socket failed");
    #####:   39:        freeaddrinfo(res);
    #####:   40:        return 1;
        -:   41:    }
        -:   42:
       11:   43:    if (connect(sock, res->ai_addr, res->ai_addrlen) < 0)
        -:   44:    {
        1:   45:        perror("Connection failed");
        1:   46:        freeaddrinfo(res);
        1:   47:        close(sock);
        1:   48:        return 1;
        -:   49:    }
        -:   50:
       10:   51:    printf("Connected to server at %s:%s\n", server_ip, port_str);
       10:   52:    freeaddrinfo(res);
        -:   53:
        -:   54:    char buffer[BUFFER_SIZE];
        -:   55:
        -:   56:    while (1)
       12:   57:    {
       22:   58:        printf("Enter command ADD CARBON , OXYGEN , HYDROGEN: ");
       22:   59:        fflush(stdout);
        -:   60:
       22:   61:        if (fgets(buffer, sizeof(buffer), stdin) == NULL)
        -:   62:        {
        4:   63:            printf("Error reading input\n");
        4:   64:            break;
        -:   65:        }
        -:   66:
       18:   67:        buffer[strcspn(buffer, "\r\n")] = 0;
        -:   68:
       18:   69:        if (strcmp(buffer, "EXIT") == 0)
        -:   70:        {
        4:   71:            send(sock, buffer, strlen(buffer), 0);
        4:   72:            printf("send EXIT to server- client requests to disconnect\n");
        4:   73:            break;
        -:   74:        }
        -:   75:
       14:   76:        if (strcmp(buffer, "SHUTDOWN") == 0)
        -:   77:        {
        2:   78:            send(sock, buffer, strlen(buffer), 0);
        2:   79:            printf("Sent %s. Closing client.\n", buffer);
        2:   80:            break;
        -:   81:        }
        -:   82:
       12:   83:        char atom_type[32] = "";
        -:   84:        long long dummy_amount;
        -:   85:        char dummy_action[16];
        -:   86:
        -:   87:        // שליחת הפקודה לשרת
       12:   88:        ssize_t bytes_sent = send(sock, buffer, strlen(buffer), 0);
       12:   89:        if (bytes_sent < 0)
        -:   90:        {
    #####:   91:            perror("Send failed");
    #####:   92:            break;
        -:   93:        }
        -:   94:
        -:   95:        // בדיקה אם הפקודה תקינה
       12:   96:        if (sscanf(buffer, "%15s %31s %lld", dummy_action, atom_type, &dummy_amount) == 3 &&
       11:   97:            strcmp(dummy_action, "ADD") == 0 && dummy_amount > 0)
        9:   98:        {
        -:   99:            // פקודה תקינה - מצפים לקבל unsigned int
        9:  100:            char response_buffer[BUFFER_SIZE] = {0};
        9:  101:            ssize_t bytes_received = recv(sock, response_buffer, sizeof(response_buffer) - 1, 0);
        9:  102:            if (bytes_received <= 0)
        -:  103:            {
    #####:  104:                fprintf(stderr, "Failed to receive response from server\n");
    #####:  105:                break;
        -:  106:            }
        9:  107:            response_buffer[bytes_received] = '\0';
        -:  108:
        -:  109:            // בדיקה אם התשובה היא טקסט שמתחיל ב־"ERROR"
        9:  110:            if (strncmp(response_buffer, "ERROR", 5) == 0)
        -:  111:            {
        1:  112:                printf("Server error: %s", response_buffer);
        -:  113:            }
        -:  114:            else
        -:  115:            {
        -:  116:                // אחרת נניח שזה מספר בינארי
        8:  117:                unsigned int response = 0;
        8:  118:                memcpy(&response, response_buffer, sizeof(unsigned int));
        8:  119:                printf("Server returned count: %s = %u\n", atom_type, response);
        -:  120:            }
        -:  121:          }
        -:  122:          
        -:  123:
        -:  124:            else
        -:  125:            {
        -:  126:                // פקודה לא תקינה - מצפים לקבל הודעת שגיאה טקסט
        3:  127:                char error_buffer[BUFFER_SIZE] = {0};
        3:  128:                ssize_t bytes_received = recv(sock, error_buffer, sizeof(error_buffer) - 1, 0);
        3:  129:                if (bytes_received <= 0)
        -:  130:                {
    #####:  131:                    fprintf(stderr, "Failed to receive error message from server\n");
    #####:  132:                    break;
        -:  133:                }
        3:  134:                error_buffer[bytes_received] = '\0';
        3:  135:                printf("Server error: %s", error_buffer);
        -:  136:            }
        -:  137:        }
       10:  138:        close(sock);
       10:  139:        return 0;
        -:  140:    }
