        -:    0:Source:molecule_requester.c
        -:    0:Graph:molecule_client-molecule_requester.gcno
        -:    0:Data:molecule_client-molecule_requester.gcda
        -:    0:Runs:6
        -:    1:#include <stdio.h>
        -:    2:#include <stdlib.h>
        -:    3:#include <string.h>
        -:    4:#include <unistd.h>
        -:    5:#include <arpa/inet.h>
        -:    6:
        -:    7:#define BUFFER_SIZE 1024
        -:    8:
        6:    9:int main(int argc, char *argv[]) {
        6:   10:    if (argc != 3) {
    #####:   11:        fprintf(stderr, "Usage: %s <server_ip> <port>\n", argv[0]);
    #####:   12:        exit(EXIT_FAILURE);
        -:   13:    }
        -:   14:
        6:   15:    const char *server_ip = argv[1];
        6:   16:    int port = atoi(argv[2]);
        -:   17:
        6:   18:    int sockfd = socket(AF_INET, SOCK_DGRAM, 0);
        6:   19:    if (sockfd < 0) {
    #####:   20:        perror("socket failed");
    #####:   21:        exit(EXIT_FAILURE);
        -:   22:    }
        -:   23:
        -:   24:    struct sockaddr_in server_addr;
        6:   25:    memset(&server_addr, 0, sizeof(server_addr));
        6:   26:    server_addr.sin_family = AF_INET;
        6:   27:    server_addr.sin_port = htons(port);
        6:   28:    if (inet_pton(AF_INET, server_ip, &server_addr.sin_addr) <= 0) {
    #####:   29:        perror("invalid address");
    #####:   30:        exit(EXIT_FAILURE);
        -:   31:    }
        -:   32:
        -:   33:    char input[BUFFER_SIZE];
        -:   34:    char response[BUFFER_SIZE];
        -:   35:
        6:   36:    printf("Enter DELIVER commands (e.g., DELIVER WATER 2), or type EXIT to quit:\n");
        -:   37:
       18:   38:    while (1) {
       24:   39:        printf("> ");
       24:   40:        if (!fgets(input, sizeof(input), stdin)) break;
        -:   41:
       19:   42:        input[strcspn(input, "\r\n")] = 0;  
        -:   43:
       19:   44:        if (strcmp(input, "EXIT") == 0) break;
        -:   45:
      18*:   46:        if (sendto(sockfd, input, strlen(input), 0,
        -:   47:                   (struct sockaddr *)&server_addr, sizeof(server_addr)) < 0) {
    #####:   48:            perror("sendto failed");
    #####:   49:            continue;
        -:   50:        }
        -:   51:
        -:   52:        
       18:   53:        socklen_t addrlen = sizeof(server_addr);
       18:   54:        int bytes_received = recvfrom(sockfd, response, sizeof(response) - 1, 0,
        -:   55:                                      (struct sockaddr *)&server_addr, &addrlen);
      18*:   56:        if (bytes_received < 0) {
    #####:   57:            perror("recvfrom failed");
    #####:   58:            continue;
        -:   59:        }
        -:   60:
       18:   61:        response[bytes_received] = '\0';
       18:   62:        printf("Server response: %s\n", response);
        -:   63:    }
        -:   64:
        6:   65:    close(sockfd);
        6:   66:    return 0;
        -:   67:}
